<?xml version="1.0" encoding="UTF-8"?>
<testng-results skipped="0" failed="0" total="2" passed="2">
  <reporter-output>
  </reporter-output>
  <suite name="Default suite" duration-ms="29" started-at="2015-11-24T13:53:58Z" finished-at="2015-11-24T13:53:58Z">
    <groups>
    </groups>
    <test name="Default test" duration-ms="29" started-at="2015-11-24T13:53:58Z" finished-at="2015-11-24T13:53:58Z">
      <class name="robots.test.testRobotController">
        <test-method status="PASS" signature="testSimpleInput()[pri:0, instance:robots.test.testRobotController@6ad5c04e]" name="testSimpleInput" duration-ms="15" started-at="2015-11-24T14:53:58Z" finished-at="2015-11-24T14:53:58Z">
          <reporter-output>
          </reporter-output>
        </test-method> <!-- testSimpleInput -->
        <test-method status="PASS" signature="testSimpleOutput()[pri:0, instance:robots.test.testRobotController@6ad5c04e]" name="testSimpleOutput" duration-ms="2" started-at="2015-11-24T14:53:58Z" finished-at="2015-11-24T14:53:58Z">
          <reporter-output>
          </reporter-output>
        </test-method> <!-- testSimpleOutput -->
      </class> <!-- robots.test.testRobotController -->
    </test> <!-- Default test -->
  </suite> <!-- Default suite -->
</testng-results>
