<?xml version="1.0" encoding="UTF-8"?>
<testng-results skipped="0" failed="0" total="1" passed="1">
  <reporter-output>
  </reporter-output>
  <suite name="Default suite" duration-ms="26" started-at="2015-11-24T12:11:08Z" finished-at="2015-11-24T12:11:08Z">
    <groups>
    </groups>
    <test name="Default test" duration-ms="26" started-at="2015-11-24T12:11:08Z" finished-at="2015-11-24T12:11:08Z">
      <class name="robots.test.testRobotController">
        <test-method status="PASS" signature="testSimpleInputOutput()[pri:0, instance:robots.test.testRobotController@2aaf7cc2]" name="testSimpleInputOutput" duration-ms="15" started-at="2015-11-24T13:11:08Z" finished-at="2015-11-24T13:11:08Z">
          <reporter-output>
          </reporter-output>
        </test-method> <!-- testSimpleInputOutput -->
      </class> <!-- robots.test.testRobotController -->
    </test> <!-- Default test -->
  </suite> <!-- Default suite -->
</testng-results>
